#
# There is insufficient memory for the Java Runtime Environment to continue.
# Native memory allocation (malloc) failed to allocate 32744 bytes for ChunkPool::allocate
# Possible reasons:
#   The system is out of physical RAM or swap space
#   The process is running with CompressedOops enabled, and the Java Heap may be blocking the growth of the native heap
# Possible solutions:
#   Reduce memory load on the system
#   Increase physical memory or swap space
#   Check if swap backing store is full
#   Decrease Java heap size (-Xmx/-Xms)
#   Decrease number of Java threads
#   Decrease Java thread stack sizes (-Xss)
#   Set larger code cache with -XX:ReservedCodeCacheSize=
#
#  , pid=5476


Current CompileTask:
C2:  28371 11315       4       java.util.concurrent.locks.AbstractQueuedSynchronizer$ConditionObject::awaitNanos (156 bytes)


---------------  P R O C E S S  ---------------

Java Threads: ( => current thread )
  0x000002921f387800 JavaThread "Exec process Thread 3" [_thread_in_native, id=24664, stack(0x000000dcd7100000,0x000000dcd7200000)]
  0x000002921f386800 JavaThread "Exec process Thread 2" [_thread_in_native, id=25524, stack(0x000000dcd7000000,0x000000dcd7100000)]
  0x000002921f386000 JavaThread "Exec process" [_thread_in_native, id=13548, stack(0x000000dcd6f00000,0x000000dcd7000000)]
  0x000002921f385000 JavaThread "stdout" [_thread_in_native, id=10964, stack(0x000000dcd6e00000,0x000000dcd6f00000)]
  0x000002921f384800 JavaThread "stderr" [_thread_in_native, id=25244, stack(0x000000dcd6d00000,0x000000dcd6e00000)]
  0x000002921f37c800 JavaThread "pool-2-thread-1" [_thread_blocked, id=24380, stack(0x000000dcd6c00000,0x000000dcd6d00000)]
  0x000002921f37c000 JavaThread "WorkerExecutor Queue" [_thread_blocked, id=12708, stack(0x000000dcd6a00000,0x000000dcd6b00000)]
  0x000002921f382000 JavaThread "Cache worker for execution history cache (D:\Android\StudioProjects\ftmap\android\.gradle\6.7\executionHistory)" [_thread_blocked, id=18732, stack(0x000000dcd6900000,0x000000dcd6a00000)]
  0x000002921f381000 JavaThread "Execution worker for ':' Thread 15" [_thread_blocked, id=20268, stack(0x000000dcd6800000,0x000000dcd6900000)]
  0x000002921f37d800 JavaThread "Execution worker for ':' Thread 14" [_thread_blocked, id=24708, stack(0x000000dcd6700000,0x000000dcd6800000)]
  0x000002921f379800 JavaThread "Execution worker for ':' Thread 13" [_thread_blocked, id=25028, stack(0x000000dcd6600000,0x000000dcd6700000)]
  0x000002921f37f800 JavaThread "Execution worker for ':' Thread 12" [_thread_blocked, id=3572, stack(0x000000dcd6500000,0x000000dcd6600000)]
  0x000002921f37e000 JavaThread "Execution worker for ':' Thread 11" [_thread_blocked, id=9708, stack(0x000000dcd6400000,0x000000dcd6500000)]
  0x000002921f380800 JavaThread "Execution worker for ':' Thread 10" [_thread_blocked, id=18356, stack(0x000000dcd6300000,0x000000dcd6400000)]
  0x000002921f37a800 JavaThread "Execution worker for ':' Thread 9" [_thread_blocked, id=19460, stack(0x000000dcd6200000,0x000000dcd6300000)]
  0x0000029221728800 JavaThread "Execution worker for ':' Thread 8" [_thread_blocked, id=25720, stack(0x000000dcd6100000,0x000000dcd6200000)]
  0x000002922172a000 JavaThread "Execution worker for ':' Thread 7" [_thread_blocked, id=22960, stack(0x000000dcd6000000,0x000000dcd6100000)]
  0x0000029221725800 JavaThread "Execution worker for ':' Thread 6" [_thread_blocked, id=11708, stack(0x000000dcd5f00000,0x000000dcd6000000)]
  0x0000029221724800 JavaThread "Execution worker for ':' Thread 5" [_thread_blocked, id=12244, stack(0x000000dcd5e00000,0x000000dcd5f00000)]
  0x0000029221724000 JavaThread "Execution worker for ':' Thread 4" [_thread_blocked, id=9000, stack(0x000000dcd5d00000,0x000000dcd5e00000)]
  0x0000029221727000 JavaThread "Execution worker for ':' Thread 3" [_thread_blocked, id=2016, stack(0x000000dcd5c00000,0x000000dcd5d00000)]
  0x0000029221729000 JavaThread "Execution worker for ':' Thread 2" [_thread_blocked, id=15428, stack(0x000000dcd5b00000,0x000000dcd5c00000)]
  0x000002922172a800 JavaThread "Execution worker for ':'" [_thread_blocked, id=6432, stack(0x000000dcd5a00000,0x000000dcd5b00000)]
  0x0000029221721000 JavaThread "Memory manager" [_thread_blocked, id=4388, stack(0x000000dcd5900000,0x000000dcd5a00000)]
  0x0000029221720000 JavaThread "jar transforms Thread 90" [_thread_blocked, id=23428, stack(0x000000dcd5800000,0x000000dcd5900000)]
  0x000002922171c800 JavaThread "jar transforms Thread 89" [_thread_blocked, id=23600, stack(0x000000dcd5700000,0x000000dcd5800000)]
  0x000002922171f800 JavaThread "jar transforms Thread 88" [_thread_blocked, id=25812, stack(0x000000dcd5600000,0x000000dcd5700000)]
  0x000002922171b800 JavaThread "jar transforms Thread 87" [_thread_blocked, id=20132, stack(0x000000dcd5500000,0x000000dcd5600000)]
  0x0000029221722800 JavaThread "jar transforms Thread 86" [_thread_blocked, id=26388, stack(0x000000dcd5400000,0x000000dcd5500000)]
  0x0000029223376000 JavaThread "jar transforms Thread 85" [_thread_blocked, id=21224, stack(0x000000dcd5300000,0x000000dcd5400000)]
  0x0000029223375000 JavaThread "jar transforms Thread 84" [_thread_blocked, id=12904, stack(0x000000dcd5200000,0x000000dcd5300000)]
  0x0000029223374800 JavaThread "jar transforms Thread 83" [_thread_blocked, id=10728, stack(0x000000dcd5100000,0x000000dcd5200000)]
  0x0000029223373800 JavaThread "jar transforms Thread 82" [_thread_blocked, id=7252, stack(0x000000dcd5000000,0x000000dcd5100000)]
  0x0000029223373000 JavaThread "jar transforms Thread 81" [_thread_blocked, id=22560, stack(0x000000dcd4f00000,0x000000dcd5000000)]
  0x0000029223372000 JavaThread "jar transforms Thread 80" [_thread_blocked, id=11832, stack(0x000000dcd4e00000,0x000000dcd4f00000)]
  0x0000029223370800 JavaThread "jar transforms Thread 79" [_thread_blocked, id=24544, stack(0x000000dcd4d00000,0x000000dcd4e00000)]
  0x0000029223371800 JavaThread "jar transforms Thread 78" [_thread_blocked, id=23620, stack(0x000000dcd4c00000,0x000000dcd4d00000)]
  0x0000029223369000 JavaThread "jar transforms Thread 77" [_thread_blocked, id=19972, stack(0x000000dcd4b00000,0x000000dcd4c00000)]
  0x0000029223370000 JavaThread "jar transforms Thread 76" [_thread_blocked, id=7060, stack(0x000000dcd4a00000,0x000000dcd4b00000)]
  0x000002922336b800 JavaThread "jar transforms Thread 75" [_thread_blocked, id=24516, stack(0x000000dcd4900000,0x000000dcd4a00000)]
  0x0000029223368800 JavaThread "jar transforms Thread 74" [_thread_blocked, id=11276, stack(0x000000dcd4800000,0x000000dcd4900000)]
  0x000002922336a800 JavaThread "jar transforms Thread 73" [_thread_blocked, id=22820, stack(0x000000dcd4700000,0x000000dcd4800000)]
  0x000002922336f000 JavaThread "jar transforms Thread 72" [_thread_blocked, id=2272, stack(0x000000dcd4600000,0x000000dcd4700000)]
  0x000002922336e800 JavaThread "jar transforms Thread 71" [_thread_blocked, id=10312, stack(0x000000dcd4500000,0x000000dcd4600000)]
  0x0000029223367000 JavaThread "jar transforms Thread 70" [_thread_blocked, id=3020, stack(0x000000dcd4400000,0x000000dcd4500000)]
  0x000002922336a000 JavaThread "jar transforms Thread 69" [_thread_blocked, id=19276, stack(0x000000dcd4300000,0x000000dcd4400000)]
  0x000002922336d000 JavaThread "jar transforms Thread 68" [_thread_blocked, id=5100, stack(0x000000dcd4200000,0x000000dcd4300000)]
  0x000002922336c000 JavaThread "jar transforms Thread 67" [_thread_blocked, id=6052, stack(0x000000dcd4100000,0x000000dcd4200000)]
  0x0000029223367800 JavaThread "jar transforms Thread 66" [_thread_blocked, id=25832, stack(0x000000dcd4000000,0x000000dcd4100000)]
  0x000002922336d800 JavaThread "jar transforms Thread 65" [_thread_blocked, id=16480, stack(0x000000dcd3f00000,0x000000dcd4000000)]
  0x00000292200da800 JavaThread "jar transforms Thread 64" [_thread_blocked, id=25328, stack(0x000000dcd3e00000,0x000000dcd3f00000)]
  0x00000292200da000 JavaThread "jar transforms Thread 63" [_thread_blocked, id=9148, stack(0x000000dcd3d00000,0x000000dcd3e00000)]
  0x00000292200d9000 JavaThread "jar transforms Thread 62" [_thread_blocked, id=2612, stack(0x000000dcd3c00000,0x000000dcd3d00000)]
  0x00000292200d8800 JavaThread "jar transforms Thread 61" [_thread_blocked, id=17436, stack(0x000000dcd3b00000,0x000000dcd3c00000)]
  0x00000292200d1000 JavaThread "jar transforms Thread 60" [_thread_blocked, id=12372, stack(0x000000dcd3a00000,0x000000dcd3b00000)]
  0x00000292200d7800 JavaThread "jar transforms Thread 59" [_thread_blocked, id=13032, stack(0x000000dcd3900000,0x000000dcd3a00000)]
  0x00000292200d7000 JavaThread "jar transforms Thread 58" [_thread_blocked, id=24420, stack(0x000000dcd3800000,0x000000dcd3900000)]
  0x00000292200cf800 JavaThread "jar transforms Thread 57" [_thread_blocked, id=19628, stack(0x000000dcd3700000,0x000000dcd3800000)]
  0x00000292200d6000 JavaThread "jar transforms Thread 56" [_thread_blocked, id=3768, stack(0x000000dcd3600000,0x000000dcd3700000)]
  0x00000292200d5800 JavaThread "jar transforms Thread 55" [_thread_blocked, id=23456, stack(0x000000dcd3500000,0x000000dcd3600000)]
  0x00000292200ce000 JavaThread "jar transforms Thread 54" [_thread_blocked, id=20816, stack(0x000000dcd3400000,0x000000dcd3500000)]
  0x00000292200d4800 JavaThread "jar transforms Thread 53" [_thread_blocked, id=20356, stack(0x000000dcd3300000,0x000000dcd3400000)]
  0x00000292200cd000 JavaThread "jar transforms Thread 52" [_thread_blocked, id=12152, stack(0x000000dcd3200000,0x000000dcd3300000)]
  0x00000292200d4000 JavaThread "jar transforms Thread 51" [_thread_blocked, id=12996, stack(0x000000dcd3100000,0x000000dcd3200000)]
  0x00000292200cc800 JavaThread "jar transforms Thread 50" [_thread_blocked, id=3820, stack(0x000000dcd3000000,0x000000dcd3100000)]
  0x00000292200d0000 JavaThread "jar transforms Thread 49" [_thread_blocked, id=6220, stack(0x000000dcd2f00000,0x000000dcd3000000)]
  0x00000292200d3000 JavaThread "jar transforms Thread 48" [_thread_blocked, id=17372, stack(0x000000dcd2e00000,0x000000dcd2f00000)]
  0x00000292200cb800 JavaThread "jar transforms Thread 47" [_thread_blocked, id=11756, stack(0x000000dcd2d00000,0x000000dcd2e00000)]
  0x00000292200d2800 JavaThread "jar transforms Thread 46" [_thread_blocked, id=6180, stack(0x000000dcd2c00000,0x000000dcd2d00000)]
  0x00000292200ce800 JavaThread "jar transforms Thread 45" [_thread_blocked, id=19736, stack(0x000000dcd2b00000,0x000000dcd2c00000)]
  0x00000292200d1800 JavaThread "jar transforms Thread 44" [_thread_blocked, id=3088, stack(0x000000dcd2a00000,0x000000dcd2b00000)]
  0x00000292264d7800 JavaThread "jar transforms Thread 43" [_thread_blocked, id=18344, stack(0x000000dcd2900000,0x000000dcd2a00000)]
  0x00000292264d9000 JavaThread "jar transforms Thread 42" [_thread_blocked, id=7192, stack(0x000000dcd2800000,0x000000dcd2900000)]
  0x00000292264d7000 JavaThread "jar transforms Thread 41" [_thread_blocked, id=26464, stack(0x000000dcd2700000,0x000000dcd2800000)]
  0x00000292264d8800 JavaThread "jar transforms Thread 40" [_thread_blocked, id=14456, stack(0x000000dcd2600000,0x000000dcd2700000)]
  0x00000292264d6000 JavaThread "jar transforms Thread 39" [_thread_blocked, id=17364, stack(0x000000dcd2500000,0x000000dcd2600000)]
  0x00000292264da000 JavaThread "jar transforms Thread 38" [_thread_blocked, id=6092, stack(0x000000dcd2400000,0x000000dcd2500000)]
  0x00000292264ce800 JavaThread "jar transforms Thread 37" [_thread_blocked, id=25968, stack(0x000000dcd2300000,0x000000dcd2400000)]
  0x00000292264d5800 JavaThread "jar transforms Thread 36" [_thread_blocked, id=24964, stack(0x000000dcd2200000,0x000000dcd2300000)]
  0x00000292264d4800 JavaThread "jar transforms Thread 35" [_thread_blocked, id=25676, stack(0x000000dcd2100000,0x000000dcd2200000)]
  0x00000292264cd000 JavaThread "jar transforms Thread 34" [_thread_blocked, id=3080, stack(0x000000dcd2000000,0x000000dcd2100000)]
  0x00000292264d4000 JavaThread "jar transforms Thread 33" [_thread_blocked, id=12792, stack(0x000000dcd1f00000,0x000000dcd2000000)]
  0x00000292264cc800 JavaThread "jar transforms Thread 32" [_thread_blocked, id=18160, stack(0x000000dcd1e00000,0x000000dcd1f00000)]
  0x00000292264d3000 JavaThread "jar transforms Thread 31" [_thread_blocked, id=19112, stack(0x000000dcd1d00000,0x000000dcd1e00000)]
  0x00000292264ce000 JavaThread "jar transforms Thread 30" [_thread_blocked, id=23712, stack(0x000000dcd1c00000,0x000000dcd1d00000)]
  0x00000292264cb800 JavaThread "jar transforms Thread 29" [_thread_blocked, id=21088, stack(0x000000dcd1b00000,0x000000dcd1c00000)]
  0x00000292264d2800 JavaThread "jar transforms Thread 28" [_thread_blocked, id=9052, stack(0x000000dcd1a00000,0x000000dcd1b00000)]
  0x00000292264d1800 JavaThread "jar transforms Thread 27" [_thread_blocked, id=22752, stack(0x000000dcd1900000,0x000000dcd1a00000)]
  0x00000292264cb000 JavaThread "jar transforms Thread 26" [_thread_blocked, id=3376, stack(0x000000dcd1800000,0x000000dcd1900000)]
  0x00000292264d1000 JavaThread "jar transforms Thread 25" [_thread_blocked, id=2668, stack(0x000000dcd1700000,0x000000dcd1800000)]
  0x00000292264cf800 JavaThread "jar transforms Thread 24" [_thread_blocked, id=15388, stack(0x000000dcd1600000,0x000000dcd1700000)]
  0x00000292264d0000 JavaThread "jar transforms Thread 23" [_thread_blocked, id=12364, stack(0x000000dcd1500000,0x000000dcd1600000)]
  0x0000029226550800 JavaThread "jar transforms Thread 22" [_thread_blocked, id=22252, stack(0x000000dcd1400000,0x000000dcd1500000)]
  0x000002922654f800 JavaThread "jar transforms Thread 21" [_thread_blocked, id=20764, stack(0x000000dcd1300000,0x000000dcd1400000)]
  0x000002922654c800 JavaThread "jar transforms Thread 20" [_thread_blocked, id=18156, stack(0x000000dcd1200000,0x000000dcd1300000)]
  0x000002922654e000 JavaThread "jar transforms Thread 19" [_thread_blocked, id=23424, stack(0x000000dcd1100000,0x000000dcd1200000)]
  0x000002922654d000 JavaThread "jar transforms Thread 18" [_thread_blocked, id=4676, stack(0x000000dcd1000000,0x000000dcd1100000)]
  0x000002922654b800 JavaThread "jar transforms Thread 17" [_thread_blocked, id=25828, stack(0x000000dcd0f00000,0x000000dcd1000000)]
  0x000002922654e800 JavaThread "jar transforms Thread 16" [_thread_blocked, id=25296, stack(0x000000dcd0e00000,0x000000dcd0f00000)]
  0x0000029226544000 JavaThread "jar transforms Thread 15" [_thread_blocked, id=23700, stack(0x000000dcd0d00000,0x000000dcd0e00000)]
  0x0000029226545000 JavaThread "jar transforms Thread 14" [_thread_blocked, id=9772, stack(0x000000dcd0c00000,0x000000dcd0d00000)]
  0x000002922654b000 JavaThread "jar transforms Thread 13" [_thread_blocked, id=21796, stack(0x000000dcd0b00000,0x000000dcd0c00000)]
  0x0000029226547000 JavaThread "jar transforms Thread 12" [_thread_blocked, id=14944, stack(0x000000dcd0a00000,0x000000dcd0b00000)]
  0x000002922654a000 JavaThread "jar transforms Thread 11" [_thread_blocked, id=10336, stack(0x000000dcd0900000,0x000000dcd0a00000)]
  0x0000029226548800 JavaThread "jar transforms Thread 10" [_thread_blocked, id=8452, stack(0x000000dcd0800000,0x000000dcd0900000)]
  0x0000029226549800 JavaThread "jar transforms Thread 9" [_thread_blocked, id=26084, stack(0x000000dcd0700000,0x000000dcd0800000)]
  0x0000029226542000 JavaThread "jar transforms Thread 8" [_thread_blocked, id=23652, stack(0x000000dcd0600000,0x000000dcd0700000)]
  0x0000029226546800 JavaThread "jar transforms Thread 7" [_thread_blocked, id=26424, stack(0x000000dcd0500000,0x000000dcd0600000)]
  0x0000029226543800 JavaThread "jar transforms Thread 6" [_thread_blocked, id=5324, stack(0x000000dcd0400000,0x000000dcd0500000)]
  0x0000029226541000 JavaThread "Build operations Thread 16" [_thread_blocked, id=20936, stack(0x000000dcd0300000,0x000000dcd0400000)]
  0x0000029226545800 JavaThread "Build operations Thread 15" [_thread_blocked, id=15376, stack(0x000000dcd0200000,0x000000dcd0300000)]
  0x0000029226542800 JavaThread "Build operations Thread 14" [_thread_blocked, id=14432, stack(0x000000dcd0100000,0x000000dcd0200000)]
  0x0000029226548000 JavaThread "Build operations Thread 13" [_thread_blocked, id=5064, stack(0x000000dcd0000000,0x000000dcd0100000)]
  0x000002921f9f3000 JavaThread "Build operations Thread 12" [_thread_blocked, id=17920, stack(0x000000dccff00000,0x000000dcd0000000)]
  0x000002921f9f2000 JavaThread "Build operations Thread 11" [_thread_blocked, id=12404, stack(0x000000dccfe00000,0x000000dccff00000)]
  0x000002921f9f1800 JavaThread "Build operations Thread 10" [_thread_blocked, id=18756, stack(0x000000dccfd00000,0x000000dccfe00000)]
  0x000002921f9f0800 JavaThread "Build operations Thread 9" [_thread_blocked, id=3788, stack(0x000000dccfc00000,0x000000dccfd00000)]
  0x000002921f9f0000 JavaThread "Build operations Thread 8" [_thread_blocked, id=22728, stack(0x000000dccfb00000,0x000000dccfc00000)]
  0x000002921f9ef000 JavaThread "Build operations Thread 7" [_thread_blocked, id=11140, stack(0x000000dccfa00000,0x000000dccfb00000)]
  0x000002921f9e7800 JavaThread "Build operations Thread 6" [_thread_blocked, id=24508, stack(0x000000dccf900000,0x000000dccfa00000)]
  0x000002921f9ee800 JavaThread "Build operations Thread 5" [_thread_blocked, id=824, stack(0x000000dccf800000,0x000000dccf900000)]
  0x000002921f9e7000 JavaThread "Build operations Thread 4" [_thread_blocked, id=25820, stack(0x000000dccf700000,0x000000dccf800000)]
  0x000002921f9ed800 JavaThread "Build operations Thread 3" [_thread_blocked, id=25004, stack(0x000000dccf600000,0x000000dccf700000)]
  0x000002921f9ed000 JavaThread "Build operations Thread 2" [_thread_blocked, id=17784, stack(0x000000dccf500000,0x000000dccf600000)]
  0x000002921f9ec000 JavaThread "Build operations" [_thread_blocked, id=13008, stack(0x000000dccf400000,0x000000dccf500000)]
  0x000002921f9eb800 JavaThread "Cache worker for Build Output Cleanup Cache (D:\Android\StudioProjects\ftmap\android\.gradle\buildOutputCleanup)" [_thread_blocked, id=7776, stack(0x000000dccf300000,0x000000dccf400000)]
  0x000002921f9e5800 JavaThread "Cache worker for file content cache (D:\Android\Cache\.gradle\caches\6.7\fileContent)" [_thread_blocked, id=21392, stack(0x000000dccf200000,0x000000dccf300000)]
  0x000002921f9ea800 JavaThread "Cache worker for execution history cache (D:\Android\Cache\.gradle\caches\6.7\executionHistory)" [_thread_blocked, id=23476, stack(0x000000dccf100000,0x000000dccf200000)]
  0x000002921f9e4800 JavaThread "Cache worker for cache directory md-rule (D:\Android\Cache\.gradle\caches\6.7\md-rule)" [_thread_blocked, id=23036, stack(0x000000dccf000000,0x000000dccf100000)]
  0x000002921f9ea000 JavaThread "Cache worker for cache directory md-supplier (D:\Android\Cache\.gradle\caches\6.7\md-supplier)" [_thread_blocked, id=20460, stack(0x000000dccef00000,0x000000dccf000000)]
  0x000002921f9e8800 JavaThread "Cache worker for checksums cache (D:\Android\StudioProjects\ftmap\android\.gradle\checksums)" [_thread_blocked, id=11492, stack(0x000000dccee00000,0x000000dccef00000)]
  0x000002921f68f000 JavaThread "jar transforms Thread 5" [_thread_blocked, id=18800, stack(0x000000dcced00000,0x000000dccee00000)]
  0x000002921f68d800 JavaThread "jar transforms Thread 4" [_thread_blocked, id=10420, stack(0x000000dccec00000,0x000000dcced00000)]
  0x000002921f68d000 JavaThread "jar transforms Thread 3" [_thread_blocked, id=19308, stack(0x000000dcceb00000,0x000000dccec00000)]
  0x000002921f68e800 JavaThread "jar transforms Thread 2" [_thread_blocked, id=2368, stack(0x000000dccea00000,0x000000dcceb00000)]
  0x000002921f68b800 JavaThread "jar transforms" [_thread_blocked, id=25364, stack(0x000000dcce900000,0x000000dccea00000)]
  0x000002921f68a800 JavaThread "Cache worker for file hash cache (D:\Android\StudioProjects\ftmap\android\.gradle\6.7\fileHashes)" [_thread_blocked, id=4104, stack(0x000000dcce800000,0x000000dcce900000)]
  0x000002921f68c000 JavaThread "Cache worker for journal cache (D:\Android\Cache\.gradle\caches\journal-1)" [_thread_blocked, id=22532, stack(0x000000dcce700000,0x000000dcce800000)]
  0x000002921f68a000 JavaThread "File lock request listener" [_thread_in_native, id=3472, stack(0x000000dcce600000,0x000000dcce700000)]
  0x000002921f690000 JavaThread "Cache worker for file hash cache (D:\Android\Cache\.gradle\caches\6.7\fileHashes)" [_thread_blocked, id=7524, stack(0x000000dcce500000,0x000000dcce600000)]
  0x0000029220bb0000 JavaThread "Thread-9" [_thread_blocked, id=14056, stack(0x000000dcce400000,0x000000dcce500000)]
  0x0000029220bae800 JavaThread "Stdin handler" [_thread_blocked, id=13184, stack(0x000000dcce300000,0x000000dcce400000)]
  0x0000029220be8800 JavaThread "Asynchronous log dispatcher for DefaultDaemonConnection: socket connection from /127.0.0.1:64467 to /127.0.0.1:64468" [_thread_blocked, id=19352, stack(0x000000dcce200000,0x000000dcce300000)]
  0x0000029220bf6000 JavaThread "Daemon worker" [_thread_blocked, id=12940, stack(0x000000dcce100000,0x000000dcce200000)]
  0x0000029220bf1000 JavaThread "Cancel handler" [_thread_blocked, id=25824, stack(0x000000dcce000000,0x000000dcce100000)]
  0x0000029220b29000 JavaThread "Handler for socket connection from /127.0.0.1:64467 to /127.0.0.1:64468" [_thread_in_native, id=23088, stack(0x000000dccdf00000,0x000000dcce000000)]
  0x0000029220b24000 JavaThread "Daemon" [_thread_blocked, id=4400, stack(0x000000dccde00000,0x000000dccdf00000)]
  0x0000029220169000 JavaThread "Daemon periodic checks" [_thread_blocked, id=13608, stack(0x000000dccdd00000,0x000000dccde00000)]
  0x000002921fd34800 JavaThread "Incoming local TCP Connector on port 64467" [_thread_in_native, id=15440, stack(0x000000dccdc00000,0x000000dccdd00000)]
  0x00000292208ed000 JavaThread "Daemon health stats" [_thread_blocked, id=8232, stack(0x000000dccd900000,0x000000dccda00000)]
  0x000002921f22e000 JavaThread "Service Thread" daemon [_thread_blocked, id=10580, stack(0x000000dccd700000,0x000000dccd800000)]
  0x000002921f188000 JavaThread "C1 CompilerThread11" daemon [_thread_blocked, id=22748, stack(0x000000dccd600000,0x000000dccd700000)]
  0x000002921f162000 JavaThread "C1 CompilerThread10" daemon [_thread_blocked, id=15592, stack(0x000000dccd500000,0x000000dccd600000)]
  0x000002921f161000 JavaThread "C1 CompilerThread9" daemon [_thread_blocked, id=5240, stack(0x000000dccd400000,0x000000dccd500000)]
  0x000002921f156800 JavaThread "C1 CompilerThread8" daemon [_thread_blocked, id=11072, stack(0x000000dccd300000,0x000000dccd400000)]
  0x000002921f155800 JavaThread "C2 CompilerThread7" daemon [_thread_blocked, id=1752, stack(0x000000dccd200000,0x000000dccd300000)]
  0x000002921f151000 JavaThread "C2 CompilerThread6" daemon [_thread_blocked, id=21716, stack(0x000000dccd100000,0x000000dccd200000)]
  0x000002921f149800 JavaThread "C2 CompilerThread5" daemon [_thread_blocked, id=776, stack(0x000000dccd000000,0x000000dccd100000)]
  0x000002921f148800 JavaThread "C2 CompilerThread4" daemon [_thread_blocked, id=8220, stack(0x000000dcccf00000,0x000000dccd000000)]
  0x000002921f143800 JavaThread "C2 CompilerThread3" daemon [_thread_blocked, id=22908, stack(0x000000dccce00000,0x000000dcccf00000)]
  0x000002921f142800 JavaThread "C2 CompilerThread2" daemon [_thread_blocked, id=15620, stack(0x000000dcccd00000,0x000000dccce00000)]
  0x000002921f141000 JavaThread "C2 CompilerThread1" daemon [_thread_blocked, id=12528, stack(0x000000dcccc00000,0x000000dcccd00000)]
=>0x000002921f13f000 JavaThread "C2 CompilerThread0" daemon [_thread_in_native, id=26292, stack(0x000000dcccb00000,0x000000dcccc00000)]
  0x000002921f129800 JavaThread "Attach Listener" daemon [_thread_blocked, id=9252, stack(0x000000dccca00000,0x000000dcccb00000)]
  0x000002921c3de800 JavaThread "Signal Dispatcher" daemon [_thread_blocked, id=18680, stack(0x000000dccc900000,0x000000dccca00000)]
  0x000002921f0d0800 JavaThread "Finalizer" daemon [_thread_blocked, id=14052, stack(0x000000dccc800000,0x000000dccc900000)]
  0x000002921c3bf000 JavaThread "Reference Handler" daemon [_thread_blocked, id=23896, stack(0x000000dccc700000,0x000000dccc800000)]
  0x0000029206024000 JavaThread "main" [_thread_blocked, id=20500, stack(0x000000dccb800000,0x000000dccb900000)]

Other Threads:
  0x000002921c3b5000 VMThread [stack: 0x000000dccc600000,0x000000dccc700000] [id=10552]
  0x000002921f23a000 WatcherThread [stack: 0x000000dccd800000,0x000000dccd900000] [id=19840]

VM state:not at safepoint (normal execution)

VM Mutex/Monitor currently owned by a thread: None

heap address: 0x0000000080000000, size: 2048 MB, Compressed Oops mode: 32-bit
Narrow klass base: 0x0000000000000000, Narrow klass shift: 3
Compressed class space size: 1073741824 Address: 0x0000000100000000

Heap:
 PSYoungGen      total 298496K, used 52214K [0x00000000d5580000, 0x00000000ed300000, 0x0000000100000000)
  eden space 278016K, 11% used [0x00000000d5580000,0x00000000d7481c58,0x00000000e6500000)
  from space 20480K, 99% used [0x00000000e6500000,0x00000000e78fbc08,0x00000000e7900000)
  to   space 27136K, 0% used [0x00000000eb880000,0x00000000eb880000,0x00000000ed300000)
 ParOldGen       total 187392K, used 49692K [0x0000000080000000, 0x000000008b700000, 0x00000000d5580000)
  object space 187392K, 26% used [0x0000000080000000,0x0000000083087308,0x000000008b700000)
 Metaspace       used 74797K, capacity 78896K, committed 79104K, reserved 1118208K
  class space    used 10431K, capacity 11180K, committed 11264K, reserved 1048576K

Card table byte_map: [0x0000029216f20000,0x0000029217330000] byte_map_base: 0x0000029216b20000

Marking Bits: (ParMarkBitMap*) 0x0000000075d99030
 Begin Bits: [0x00000292175e0000, 0x00000292195e0000)
 End Bits:   [0x00000292195e0000, 0x000002921b5e0000)

Polling page: 0x0000029206230000

CodeCache: size=245760Kb used=33286Kb max_used=33361Kb free=212473Kb
 bounds [0x0000029207b60000, 0x0000029209c20000, 0x0000029216b60000]
 total_blobs=10631 nmethods=9802 adapters=737
 compilation: enabled

Compilation events (10 events):
Event: 20.108 Thread 0x000002921f141000 nmethod 11299 0x0000029208c6f610 code [0x0000029208c6f820, 0x0000029208c71808]
Event: 20.140 Thread 0x000002921f162000 11311       3       java.lang.StringBuilder::append (8 bytes)
Event: 20.140 Thread 0x000002921f162000 nmethod 11311 0x00000292082a5ad0 code [0x00000292082a5c40, 0x00000292082a5dd0]
Event: 20.201 Thread 0x000002921f156800 11312       3       org.gradle.internal.operations.BuildOperationProgressEventEmitter::emit (23 bytes)
Event: 20.201 Thread 0x000002921f156800 nmethod 11312 0x0000029209c076d0 code [0x0000029209c07860, 0x0000029209c07d20]
Event: 20.846 Thread 0x000002921f188000 11313       3       com.android.build.gradle.internal.cxx.process.ChunkBytesToLineOutputStream::writeByteToBuffer (60 bytes)
Event: 20.846 Thread 0x000002921f188000 nmethod 11313 0x0000029209c0dd90 code [0x0000029209c0df20, 0x0000029209c0e3c0]
Event: 25.401 Thread 0x000002921f161000 11314       1       sun.management.MemoryPoolImpl::getName (5 bytes)
Event: 25.401 Thread 0x000002921f161000 nmethod 11314 0x0000029208379150 code [0x00000292083792a0, 0x00000292083793b8]
Event: 28.369 Thread 0x000002921f13f000 11315       4       java.util.concurrent.locks.AbstractQueuedSynchronizer$ConditionObject::awaitNanos (156 bytes)

GC Heap History (10 events):
Event: 14.356 GC heap before
{Heap before GC invocations=12 (full 2):
 PSYoungGen      total 226304K, used 87992K [0x00000000d5580000, 0x00000000e5980000, 0x0000000100000000)
  eden space 214016K, 35% used [0x00000000d5580000,0x00000000d9f74ea0,0x00000000e2680000)
  from space 12288K, 99% used [0x00000000e2680000,0x00000000e3279330,0x00000000e3280000)
  to   space 18432K, 0% used [0x00000000e4780000,0x00000000e4780000,0x00000000e5980000)
 ParOldGen       total 123904K, used 26150K [0x0000000080000000, 0x0000000087900000, 0x00000000d5580000)
  object space 123904K, 21% used [0x0000000080000000,0x0000000081989a20,0x0000000087900000)
 Metaspace       used 56203K, capacity 58956K, committed 59136K, reserved 1099776K
  class space    used 7799K, capacity 8330K, committed 8448K, reserved 1048576K
Event: 14.364 GC heap after
Heap after GC invocations=12 (full 2):
 PSYoungGen      total 244736K, used 18430K [0x00000000d5580000, 0x00000000e9380000, 0x0000000100000000)
  eden space 226304K, 0% used [0x00000000d5580000,0x00000000d5580000,0x00000000e3280000)
  from space 18432K, 99% used [0x00000000e4780000,0x00000000e597f910,0x00000000e5980000)
  to   space 21504K, 0% used [0x00000000e3280000,0x00000000e3280000,0x00000000e4780000)
 ParOldGen       total 123904K, used 29036K [0x0000000080000000, 0x0000000087900000, 0x00000000d5580000)
  object space 123904K, 23% used [0x0000000080000000,0x0000000081c5b1a0,0x0000000087900000)
 Metaspace       used 56203K, capacity 58956K, committed 59136K, reserved 1099776K
  class space    used 7799K, capacity 8330K, committed 8448K, reserved 1048576K
}
Event: 14.365 GC heap before
{Heap before GC invocations=13 (full 3):
 PSYoungGen      total 244736K, used 18430K [0x00000000d5580000, 0x00000000e9380000, 0x0000000100000000)
  eden space 226304K, 0% used [0x00000000d5580000,0x00000000d5580000,0x00000000e3280000)
  from space 18432K, 99% used [0x00000000e4780000,0x00000000e597f910,0x00000000e5980000)
  to   space 21504K, 0% used [0x00000000e3280000,0x00000000e3280000,0x00000000e4780000)
 ParOldGen       total 123904K, used 29036K [0x0000000080000000, 0x0000000087900000, 0x00000000d5580000)
  object space 123904K, 23% used [0x0000000080000000,0x0000000081c5b1a0,0x0000000087900000)
 Metaspace       used 56203K, capacity 58956K, committed 59136K, reserved 1099776K
  class space    used 7799K, capacity 8330K, committed 8448K, reserved 1048576K
Event: 14.496 GC heap after
Heap after GC invocations=13 (full 3):
 PSYoungGen      total 244736K, used 0K [0x00000000d5580000, 0x00000000e9380000, 0x0000000100000000)
  eden space 226304K, 0% used [0x00000000d5580000,0x00000000d5580000,0x00000000e3280000)
  from space 18432K, 0% used [0x00000000e4780000,0x00000000e4780000,0x00000000e5980000)
  to   space 21504K, 0% used [0x00000000e3280000,0x00000000e3280000,0x00000000e4780000)
 ParOldGen       total 187392K, used 37627K [0x0000000080000000, 0x000000008b700000, 0x00000000d5580000)
  object space 187392K, 20% used [0x0000000080000000,0x00000000824becd8,0x000000008b700000)
 Metaspace       used 56102K, capacity 58614K, committed 59136K, reserved 1099776K
  class space    used 7767K, capacity 8273K, committed 8448K, reserved 1048576K
}
Event: 16.220 GC heap before
{Heap before GC invocations=14 (full 3):
 PSYoungGen      total 244736K, used 226304K [0x00000000d5580000, 0x00000000e9380000, 0x0000000100000000)
  eden space 226304K, 100% used [0x00000000d5580000,0x00000000e3280000,0x00000000e3280000)
  from space 18432K, 0% used [0x00000000e4780000,0x00000000e4780000,0x00000000e5980000)
  to   space 21504K, 0% used [0x00000000e3280000,0x00000000e3280000,0x00000000e4780000)
 ParOldGen       total 187392K, used 37627K [0x0000000080000000, 0x000000008b700000, 0x00000000d5580000)
  object space 187392K, 20% used [0x0000000080000000,0x00000000824becd8,0x000000008b700000)
 Metaspace       used 63874K, capacity 66856K, committed 67072K, reserved 1105920K
  class space    used 8986K, capacity 9604K, committed 9728K, reserved 1048576K
Event: 16.225 GC heap after
Heap after GC invocations=14 (full 3):
 PSYoungGen      total 247808K, used 13080K [0x00000000d5580000, 0x00000000e9380000, 0x0000000100000000)
  eden space 226304K, 0% used [0x00000000d5580000,0x00000000d5580000,0x00000000e3280000)
  from space 21504K, 60% used [0x00000000e3280000,0x00000000e3f46288,0x00000000e4780000)
  to   space 20992K, 0% used [0x00000000e7f00000,0x00000000e7f00000,0x00000000e9380000)
 ParOldGen       total 187392K, used 37635K [0x0000000080000000, 0x000000008b700000, 0x00000000d5580000)
  object space 187392K, 20% used [0x0000000080000000,0x00000000824c0cd8,0x000000008b700000)
 Metaspace       used 63874K, capacity 66856K, committed 67072K, reserved 1105920K
  class space    used 8986K, capacity 9604K, committed 9728K, reserved 1048576K
}
Event: 17.251 GC heap before
{Heap before GC invocations=15 (full 3):
 PSYoungGen      total 247808K, used 239384K [0x00000000d5580000, 0x00000000e9380000, 0x0000000100000000)
  eden space 226304K, 100% used [0x00000000d5580000,0x00000000e3280000,0x00000000e3280000)
  from space 21504K, 60% used [0x00000000e3280000,0x00000000e3f46288,0x00000000e4780000)
  to   space 20992K, 0% used [0x00000000e7f00000,0x00000000e7f00000,0x00000000e9380000)
 ParOldGen       total 187392K, used 37635K [0x0000000080000000, 0x000000008b700000, 0x00000000d5580000)
  object space 187392K, 20% used [0x0000000080000000,0x00000000824c0cd8,0x000000008b700000)
 Metaspace       used 65908K, capacity 69154K, committed 69376K, reserved 1107968K
  class space    used 9279K, capacity 9933K, committed 9984K, reserved 1048576K
Event: 17.256 GC heap after
Heap after GC invocations=15 (full 3):
 PSYoungGen      total 292352K, used 10315K [0x00000000d5580000, 0x00000000e8d00000, 0x0000000100000000)
  eden space 278016K, 0% used [0x00000000d5580000,0x00000000d5580000,0x00000000e6500000)
  from space 14336K, 71% used [0x00000000e7f00000,0x00000000e8912d80,0x00000000e8d00000)
  to   space 20480K, 0% used [0x00000000e6500000,0x00000000e6500000,0x00000000e7900000)
 ParOldGen       total 187392K, used 37643K [0x0000000080000000, 0x000000008b700000, 0x00000000d5580000)
  object space 187392K, 20% used [0x0000000080000000,0x00000000824c2cd8,0x000000008b700000)
 Metaspace       used 65908K, capacity 69154K, committed 69376K, reserved 1107968K
  class space    used 9279K, capacity 9933K, committed 9984K, reserved 1048576K
}
Event: 19.649 GC heap before
{Heap before GC invocations=16 (full 3):
 PSYoungGen      total 292352K, used 288331K [0x00000000d5580000, 0x00000000e8d00000, 0x0000000100000000)
  eden space 278016K, 100% used [0x00000000d5580000,0x00000000e6500000,0x00000000e6500000)
  from space 14336K, 71% used [0x00000000e7f00000,0x00000000e8912d80,0x00000000e8d00000)
  to   space 20480K, 0% used [0x00000000e6500000,0x00000000e6500000,0x00000000e7900000)
 ParOldGen       total 187392K, used 37643K [0x0000000080000000, 0x000000008b700000, 0x00000000d5580000)
  object space 187392K, 20% used [0x0000000080000000,0x00000000824c2cd8,0x000000008b700000)
 Metaspace       used 74280K, capacity 78236K, committed 78464K, reserved 1116160K
  class space    used 10348K, capacity 11124K, committed 11136K, reserved 1048576K
Event: 19.661 GC heap after
Heap after GC invocations=16 (full 3):
 PSYoungGen      total 298496K, used 20463K [0x00000000d5580000, 0x00000000ed300000, 0x0000000100000000)
  eden space 278016K, 0% used [0x00000000d5580000,0x00000000d5580000,0x00000000e6500000)
  from space 20480K, 99% used [0x00000000e6500000,0x00000000e78fbc08,0x00000000e7900000)
  to   space 27136K, 0% used [0x00000000eb880000,0x00000000eb880000,0x00000000ed300000)
 ParOldGen       total 187392K, used 49692K [0x0000000080000000, 0x000000008b700000, 0x00000000d5580000)
  object space 187392K, 26% used [0x0000000080000000,0x0000000083087308,0x000000008b700000)
 Metaspace       used 74280K, capacity 78236K, committed 78464K, reserved 1116160K
  class space    used 10348K, capacity 11124K, committed 11136K, reserved 1048576K
}

Deoptimization events (10 events):
Event: 19.788 Thread 0x0000029221724000 Uncommon trap: reason=speculate_class_check action=maybe_recompile pc=0x000002920905beb8 method=java.util.EnumMap.get(Ljava/lang/Object;)Ljava/lang/Object; @ 14
Event: 19.792 Thread 0x0000029221724000 Uncommon trap: reason=speculate_class_check action=maybe_recompile pc=0x000002920905beb8 method=java.util.EnumMap.get(Ljava/lang/Object;)Ljava/lang/Object; @ 14
Event: 19.934 Thread 0x0000029221724000 Uncommon trap: reason=unstable_if action=reinterpret pc=0x000002920841354c method=org.gradle.internal.snapshot.PathUtil.equalChars(CCLorg/gradle/internal/snapshot/CaseSensitivity;)Z @ 40
Event: 19.934 Thread 0x0000029221724000 Uncommon trap: reason=unstable_if action=reinterpret pc=0x000002920838e840 method=org.gradle.internal.snapshot.PathUtil.equalChars(CCLorg/gradle/internal/snapshot/CaseSensitivity;)Z @ 40
Event: 20.086 Thread 0x0000029221724000 Uncommon trap: reason=bimorphic action=maybe_recompile pc=0x000002920849d3dc method=java.util.stream.AbstractPipeline.<init>(Ljava/util/stream/AbstractPipeline;I)V @ 66
Event: 20.086 Thread 0x0000029221724000 Uncommon trap: reason=bimorphic action=maybe_recompile pc=0x0000029207eec508 method=java.util.stream.AbstractPipeline.wrapSink(Ljava/util/stream/Sink;)Ljava/util/stream/Sink; @ 23
Event: 20.090 Thread 0x0000029221724000 Uncommon trap: reason=class_check action=maybe_recompile pc=0x0000029209b4dd40 method=com.google.common.collect.ImmutableMap.copyOf(Ljava/util/Map;)Lcom/google/common/collect/ImmutableMap; @ 49
Event: 20.090 Thread 0x0000029221724000 Uncommon trap: reason=class_check action=maybe_recompile pc=0x0000029209b0b2fc method=com.google.common.collect.Iterables.castOrCopyToCollection(Ljava/lang/Iterable;)Ljava/util/Collection; @ 1
Event: 20.096 Thread 0x0000029221724000 Uncommon trap: reason=unstable_if action=reinterpret pc=0x00000292094a5880 method=org.apache.commons.io.FilenameUtils.doNormalize(Ljava/lang/String;CZ)Ljava/lang/String; @ 219
Event: 26.729 Thread 0x0000029220169000 Uncommon trap: reason=speculate_class_check action=maybe_recompile pc=0x0000029209009870 method=java.util.AbstractList.listIterator()Ljava/util/ListIterator; @ 2

Classes redefined (0 events):
No events

Internal exceptions (10 events):
Event: 19.586 Thread 0x000002921f37c000 Exception <a 'sun/nio/fs/WindowsException'> (0x00000000e5650af0) thrown at [C:\jenkins\workspace\8-2-build-windows-amd64-cygwin\jdk8u333\2551\hotspot\src\share\vm\prims\jni.cpp, line 710]
Event: 19.586 Thread 0x000002921f37c000 Exception <a 'sun/nio/fs/WindowsException'> (0x00000000e5651170) thrown at [C:\jenkins\workspace\8-2-build-windows-amd64-cygwin\jdk8u333\2551\hotspot\src\share\vm\prims\jni.cpp, line 710]
Event: 19.897 Thread 0x0000029221724000 Exception <a 'java/lang/NoSuchMethodError': java.lang.Object.lambda$static$0(Lorg/gradle/internal/snapshot/FileSystemSnapshotVisitor;)V> (0x00000000d6f04e80) thrown at [C:\jenkins\workspace\8-2-build-windows-amd64-cygwin\jdk8u333\2551\hotspot\src\share\vm
Event: 19.897 Thread 0x0000029221724000 Exception <a 'sun/nio/fs/WindowsException'> (0x00000000d6f09598) thrown at [C:\jenkins\workspace\8-2-build-windows-amd64-cygwin\jdk8u333\2551\hotspot\src\share\vm\prims\jni.cpp, line 710]
Event: 19.897 Thread 0x0000029221724000 Exception <a 'sun/nio/fs/WindowsException'> (0x00000000d6f0afd8) thrown at [C:\jenkins\workspace\8-2-build-windows-amd64-cygwin\jdk8u333\2551\hotspot\src\share\vm\prims\jni.cpp, line 710]
Event: 19.897 Thread 0x0000029221724000 Exception <a 'sun/nio/fs/WindowsException'> (0x00000000d6f12430) thrown at [C:\jenkins\workspace\8-2-build-windows-amd64-cygwin\jdk8u333\2551\hotspot\src\share\vm\prims\jni.cpp, line 710]
Event: 19.897 Thread 0x0000029221724000 Exception <a 'sun/nio/fs/WindowsException'> (0x00000000d6f138f8) thrown at [C:\jenkins\workspace\8-2-build-windows-amd64-cygwin\jdk8u333\2551\hotspot\src\share\vm\prims\jni.cpp, line 710]
Event: 19.898 Thread 0x0000029221724000 Exception <a 'sun/nio/fs/WindowsException'> (0x00000000d6f1b920) thrown at [C:\jenkins\workspace\8-2-build-windows-amd64-cygwin\jdk8u333\2551\hotspot\src\share\vm\prims\jni.cpp, line 710]
Event: 19.898 Thread 0x0000029221724000 Exception <a 'sun/nio/fs/WindowsException'> (0x00000000d6f1cdf8) thrown at [C:\jenkins\workspace\8-2-build-windows-amd64-cygwin\jdk8u333\2551\hotspot\src\share\vm\prims\jni.cpp, line 710]
Event: 20.084 Thread 0x0000029221724000 Exception <a 'java/lang/NoSuchMethodError': java.lang.Object.disabledWithoutInputs(Lorg/gradle/internal/execution/caching/CachingDisabledReason;)Lorg/gradle/internal/execution/caching/CachingState;> (0x00000000d70f4240) thrown at [C:\jenkins\workspace\8-2

Events (10 events):
Event: 20.534 Thread 0x000002921f383800 Thread exited: 0x000002921f383800
Event: 23.405 loading class org/gradle/workers/internal/WorkerDaemonExpiration$SimpleMemoryExpirationSelector
Event: 23.405 loading class org/gradle/workers/internal/WorkerDaemonExpiration$SimpleMemoryExpirationSelector done
Event: 23.405 loading class org/gradle/workers/internal/WorkerDaemonClient
Event: 23.405 loading class org/gradle/workers/internal/WorkerDaemonClient done
Event: 23.406 loading class org/gradle/workers/internal/WorkerDaemonClient
Event: 23.406 loading class org/gradle/workers/internal/WorkerDaemonClient done
Event: 26.728 Thread 0x0000029220169000 Uncommon trap: trap_request=0xffffff76 fr.pc=0x0000029209009870
Event: 26.729 Thread 0x0000029220169000 DEOPT PACKING pc=0x0000029209009870 sp=0x000000dccddfee70
Event: 26.729 Thread 0x0000029220169000 DEOPT UNPACKING pc=0x0000029207ba58c3 sp=0x000000dccddfedc8 mode 2


Dynamic libraries:
0x00007ff732da0000 - 0x00007ff732de7000 	C:\Program Files\Java\jdk1.8.0_333\bin\java.exe
0x00007ffc468c0000 - 0x00007ffc46ac9000 	C:\Windows\SYSTEM32\ntdll.dll
0x00007ffc45bc0000 - 0x00007ffc45c7e000 	C:\Windows\System32\KERNEL32.DLL
0x00007ffc43fd0000 - 0x00007ffc4434c000 	C:\Windows\System32\KERNELBASE.dll
0x00007ffc45120000 - 0x00007ffc451ce000 	C:\Windows\System32\ADVAPI32.dll
0x00007ffc45d50000 - 0x00007ffc45df3000 	C:\Windows\System32\msvcrt.dll
0x00007ffc45f70000 - 0x00007ffc4600e000 	C:\Windows\System32\sechost.dll
0x00007ffc44f70000 - 0x00007ffc45090000 	C:\Windows\System32\RPCRT4.dll
0x00007ffc465c0000 - 0x00007ffc4676d000 	C:\Windows\System32\USER32.dll
0x00007ffc444c0000 - 0x00007ffc444e6000 	C:\Windows\System32\win32u.dll
0x00007ffc46550000 - 0x00007ffc46579000 	C:\Windows\System32\GDI32.dll
0x00007ffc44560000 - 0x00007ffc44678000 	C:\Windows\System32\gdi32full.dll
0x00007ffc43d90000 - 0x00007ffc43e2d000 	C:\Windows\System32\msvcp_win.dll
0x00007ffc43e30000 - 0x00007ffc43f41000 	C:\Windows\System32\ucrtbase.dll
0x00007ffc2abc0000 - 0x00007ffc2ae65000 	C:\Windows\WinSxS\amd64_microsoft.windows.common-controls_6595b64144ccf1df_6.0.22000.120_none_9d947278b86cc467\COMCTL32.dll
0x00007ffc46580000 - 0x00007ffc465b1000 	C:\Windows\System32\IMM32.DLL
0x00007ffc1d7b0000 - 0x00007ffc1d7c5000 	C:\Program Files\Java\jdk1.8.0_333\jre\bin\vcruntime140.dll
0x00007ffc006d0000 - 0x00007ffc0076b000 	C:\Program Files\Java\jdk1.8.0_333\jre\bin\msvcp140.dll
0x00000000755b0000 - 0x0000000075e11000 	C:\Program Files\Java\jdk1.8.0_333\jre\bin\server\jvm.dll
0x00007ffc45c80000 - 0x00007ffc45c88000 	C:\Windows\System32\PSAPI.DLL
0x00007ffc39040000 - 0x00007ffc39073000 	C:\Windows\SYSTEM32\WINMM.dll
0x00007ffc38e80000 - 0x00007ffc38e8a000 	C:\Windows\SYSTEM32\VERSION.dll
0x00007ffc272e0000 - 0x00007ffc272e9000 	C:\Windows\SYSTEM32\WSOCK32.dll
0x00007ffc44740000 - 0x00007ffc447af000 	C:\Windows\System32\WS2_32.dll
0x00007ffc42f00000 - 0x00007ffc42f18000 	C:\Windows\SYSTEM32\kernel.appcore.dll
0x00007ffc1d340000 - 0x00007ffc1d350000 	C:\Program Files\Java\jdk1.8.0_333\jre\bin\verify.dll
0x00007ffc005f0000 - 0x00007ffc0061b000 	C:\Program Files\Java\jdk1.8.0_333\jre\bin\java.dll
0x00007ffc17c40000 - 0x00007ffc17c58000 	C:\Program Files\Java\jdk1.8.0_333\jre\bin\zip.dll
0x00007ffc453f0000 - 0x00007ffc45bb5000 	C:\Windows\System32\SHELL32.dll
0x00007ffc41e90000 - 0x00007ffc426f5000 	C:\Windows\SYSTEM32\windows.storage.dll
0x00007ffc44ad0000 - 0x00007ffc44e46000 	C:\Windows\System32\combase.dll
0x00007ffc41d20000 - 0x00007ffc41e86000 	C:\Windows\SYSTEM32\wintypes.dll
0x00007ffc44960000 - 0x00007ffc44a4a000 	C:\Windows\System32\SHCORE.dll
0x00007ffc45c90000 - 0x00007ffc45ced000 	C:\Windows\System32\shlwapi.dll
0x00007ffc43cc0000 - 0x00007ffc43ce1000 	C:\Windows\SYSTEM32\profapi.dll
0x00007ffc10f40000 - 0x00007ffc10f5c000 	C:\Program Files\Java\jdk1.8.0_333\jre\bin\net.dll
0x00007ffc433a0000 - 0x00007ffc43407000 	C:\Windows\system32\mswsock.dll
0x00007ffc005d0000 - 0x00007ffc005e3000 	C:\Program Files\Java\jdk1.8.0_333\jre\bin\nio.dll
0x00007ffc38520000 - 0x00007ffc38547000 	D:\Android\Cache\.gradle\native\fdc75f09e3144964f2cf3f50f0aa648679c211496f362492102eb8c894070792\windows-amd64\native-platform.dll
0x00007ffbfe060000 - 0x00007ffbfe1f6000 	D:\Android\Cache\.gradle\native\12488b8bf47d2d4c9fbf2f6322a914ad602e24e48041cd04a747c6da556b65c4\windows-amd64\native-platform-file-events.dll
0x00007ffc1cf40000 - 0x00007ffc1cf4d000 	C:\Program Files\Java\jdk1.8.0_333\jre\bin\management.dll
0x00007ffc435e0000 - 0x00007ffc435f8000 	C:\Windows\SYSTEM32\CRYPTSP.dll
0x00007ffc42e60000 - 0x00007ffc42e95000 	C:\Windows\system32\rsaenh.dll
0x00007ffc43490000 - 0x00007ffc434b9000 	C:\Windows\SYSTEM32\USERENV.dll
0x00007ffc43770000 - 0x00007ffc43797000 	C:\Windows\SYSTEM32\bcrypt.dll
0x00007ffc43f50000 - 0x00007ffc43fcf000 	C:\Windows\System32\bcryptprimitives.dll
0x00007ffc43600000 - 0x00007ffc4360c000 	C:\Windows\SYSTEM32\CRYPTBASE.dll
0x00007ffc42a30000 - 0x00007ffc42a5d000 	C:\Windows\SYSTEM32\IPHLPAPI.DLL
0x00007ffc45e00000 - 0x00007ffc45e09000 	C:\Windows\System32\NSI.dll
0x00007ffc3b800000 - 0x00007ffc3b819000 	C:\Windows\SYSTEM32\dhcpcsvc6.DLL
0x00007ffc3b660000 - 0x00007ffc3b67e000 	C:\Windows\SYSTEM32\dhcpcsvc.DLL
0x00007ffc42aa0000 - 0x00007ffc42b88000 	C:\Windows\SYSTEM32\DNSAPI.dll
0x00007ffc3c900000 - 0x00007ffc3c90c000 	C:\Windows\SYSTEM32\WINNSI.DLL

VM Arguments:
jvm_args: -Xmx2048M -Dfile.encoding=UTF-8 -Duser.country=CN -Duser.language=zh -Duser.variant 
java_command: org.gradle.launcher.daemon.bootstrap.GradleDaemon 6.7
java_class_path (initial): D:\Android\Cache\.gradle\wrapper\dists\gradle-6.7-all\cuy9mc7upwgwgeb72wkcrupxe\gradle-6.7\lib\gradle-launcher-6.7.jar
Launcher Type: SUN_STANDARD

Environment Variables:
JAVA_HOME=C:\Program Files\Java\jdk1.8.0_333
PATH=D:\Program Files (x86)\VMware\VMware Workstation\bin\;C:\Program Files (x86)\Common Files\Oracle\Java\javapath;C:\Windows\system32;C:\Windows;C:\Windows\System32\Wbem;C:\Windows\System32\WindowsPowerShell\v1.0\;C:\Windows\System32\OpenSSH\;C:\Program Files (x86)\NVIDIA Corporation\PhysX\Common;C:\Program Files\NVIDIA Corporation\NVIDIA NvDLISR;C:\Program Files\Java\jdk1.8.0_333\bin;C:\Program Files\Git\cmd;D:\Android\Sdk\tools;D:\Android\Sdk\platform-tools;D:\Program Files (x86)\NetSarang\Xshell 7\;D:\Program Files (x86)\NetSarang\Xftp 7\;C:\Program Files (x86)\dotnet\;D:\nodejs\node-v16.18.0-win-x64;D:\nodejs\node-v16.18.0-win-x64\node_global;C:\Users\wzd\AppData\Local\Programs\Python\Python38\Scripts\;C:\Users\wzd\AppData\Local\Programs\Python\Python38\;C:\Users\wzd\AppData\Local\Microsoft\WindowsApps
USERNAME=wzd
OS=Windows_NT
PROCESSOR_IDENTIFIER=Intel64 Family 6 Model 154 Stepping 3, GenuineIntel



---------------  S Y S T E M  ---------------

OS: Windows 11 , 64 bit Build 22000 (10.0.22000.1516)

CPU:total 16 (initial active 16) (8 cores per cpu, 2 threads per core) family 6 model 154 stepping 3, cmov, cx8, fxsr, mmx, sse, sse2, sse3, ssse3, sse4.1, sse4.2, popcnt, avx, avx2, aes, clmul, erms, 3dnowpref, lzcnt, ht, tsc, tscinvbit, bmi1, bmi2, adx

Memory: 4k page, physical 16478200k(1412192k free), swap 35678196k(0k free)

vm_info: Java HotSpot(TM) 64-Bit Server VM (25.333-b02) for windows-amd64 JRE (1.8.0_333-b02), built on Apr 25 2022 22:49:11 by "java_re" with MS VC++ 15.9 (VS2017)

time: Tue May  9 13:27:06 2023
timezone: 中国标准时间
elapsed time: 28.375057 seconds (0d 0h 0m 28s)

