JvmtiExport can_access_local_variables 0
JvmtiExport can_hotswap_or_post_breakpoint 0
JvmtiExport can_post_on_exceptions 0
# 123 ciObject found
instanceKlass org/gradle/workers/internal/WorkerDaemonClientsManager$$Lambda$952
instanceKlass org/gradle/workers/internal/WorkerDaemonClient
instanceKlass org/gradle/workers/internal/WorkerDaemonExpiration$SimpleMemoryExpirationSelector
instanceKlass org/gradle/process/internal/streams/ExecOutputHandleRunner
instanceKlass net/rubygrapefruit/platform/internal/jni/WindowsHandleFunctions
instanceKlass org/gradle/internal/operations/CurrentBuildOperationPreservingRunnable
instanceKlass org/gradle/process/internal/ProcessBuilderFactory
instanceKlass org/gradle/process/internal/DefaultExecHandle$CompositeStreamsHandler
instanceKlass org/gradle/process/internal/ExecHandleRunner
instanceKlass org/gradle/process/internal/ExecHandleShutdownHookAction
instanceKlass net/rubygrapefruit/platform/internal/DefaultProcessLauncher
instanceKlass net/rubygrapefruit/platform/internal/WindowsProcessLauncher
instanceKlass net/rubygrapefruit/platform/internal/WrapperProcessLauncher
instanceKlass org/gradle/process/internal/DefaultExecHandle
instanceKlass org/gradle/process/internal/ProcessSettings
instanceKlass org/gradle/process/internal/streams/OutputStreamsForwarder
instanceKlass com/android/build/gradle/internal/process/GradleProcessExecutor$ExecAction$$Lambda$951
instanceKlass org/gradle/process/internal/streams/SafeStreams
instanceKlass org/gradle/process/internal/streams/EmptyStdInStreamsHandler
instanceKlass org/gradle/process/internal/ExecHandleListener
instanceKlass org/gradle/process/internal/ExecHandle
instanceKlass org/gradle/process/internal/StreamsHandler
instanceKlass com/android/build/gradle/internal/process/GradleProcessExecutor$ExecAction
instanceKlass com/android/build/gradle/internal/cxx/process/DefaultProcessOutput
instanceKlass com/android/ide/common/process/ProcessOutput
instanceKlass com/android/ide/common/process/ProcessInfoBuilder$ProcessInfoImpl
instanceKlass com/android/build/gradle/internal/cxx/process/DefaultProcessOutputHandler
instanceKlass com/android/build/gradle/internal/cxx/process/ProcessOutputJunction
instanceKlass com/android/build/gradle/internal/cxx/process/ProcessOutputJunctionKt
instanceKlass com/android/ide/common/process/JavaProcessInfo
instanceKlass com/android/ide/common/process/ProcessInfo
instanceKlass com/android/utils/StringHelperWindows
instanceKlass com/android/ide/common/process/ProcessResult
instanceKlass com/android/build/gradle/internal/process/GradleProcessExecutor
instanceKlass com/android/build/gradle/tasks/ExternalNativeBuildTask$BuildStep
instanceKlass java/util/stream/SortedOps$RefSortingSink$$Lambda$950
instanceKlass com/android/build/gradle/tasks/ExternalNativeBuildTask$buildImpl$artifactNames$2
instanceKlass com/android/build/gradle/tasks/ExternalNativeBuildTask$buildImpl$artifactNames$1
instanceKlass org/gradle/internal/execution/steps/ResolveChangesStep$$Lambda$949
instanceKlass org/gradle/internal/execution/history/changes/RebuildExecutionStateChanges
instanceKlass org/gradle/internal/execution/steps/ResolveCachingStateStep$$Lambda$948
instanceKlass com/android/build/gradle/internal/cxx/model/CxxVariantModelKt
instanceKlass org/gradle/api/internal/tasks/properties/FileParameterUtils$1
instanceKlass org/gradle/internal/execution/history/changes/DefaultIncrementalInputProperties$$Lambda$947
instanceKlass org/gradle/internal/execution/history/changes/DefaultIncrementalInputProperties$$Lambda$946
instanceKlass com/google/common/collect/ForwardingObject
instanceKlass org/gradle/internal/execution/history/changes/DefaultIncrementalInputProperties$$Lambda$945
instanceKlass com/google/common/base/Predicates$CompositionPredicate
instanceKlass org/gradle/internal/execution/history/changes/DefaultIncrementalInputProperties$$Lambda$944
instanceKlass org/gradle/internal/execution/history/changes/DefaultIncrementalInputProperties
instanceKlass org/gradle/internal/execution/steps/ResolveChangesStep$$Lambda$943
instanceKlass java/lang/invoke/LambdaForm$DMH
instanceKlass org/gradle/internal/snapshot/FileSystemSnapshot$$Lambda$942
instanceKlass org/gradle/internal/fingerprint/impl/PatternSetSnapshottingFilter$LogicalFileTreeElement
instanceKlass org/gradle/internal/snapshot/impl/FileSystemSnapshotFilter$FilteringVisitor
instanceKlass org/gradle/internal/snapshot/impl/FileSystemSnapshotFilter
instanceKlass org/gradle/internal/fingerprint/impl/PatternSetSnapshottingFilter$$Lambda$941
instanceKlass org/gradle/internal/snapshot/SnapshottingFilter$FileSystemSnapshotPredicate
instanceKlass org/gradle/internal/vfs/impl/DefaultFileSystemAccess$$Lambda$940
instanceKlass org/gradle/internal/fingerprint/impl/PatternSetSnapshottingFilter$PathBackedFileTreeElement
instanceKlass org/gradle/internal/fingerprint/impl/PatternSetSnapshottingFilter$$Lambda$939
instanceKlass org/gradle/internal/snapshot/SnapshottingFilter$DirectoryWalkerPredicate
instanceKlass java/lang/invoke/LambdaForm$DMH
instanceKlass org/gradle/internal/vfs/impl/DefaultFileSystemAccess$$Lambda$938
instanceKlass org/gradle/internal/vfs/impl/DefaultFileSystemAccess$$Lambda$937
instanceKlass org/gradle/internal/vfs/impl/DefaultFileSystemAccess$$Lambda$936
instanceKlass org/gradle/internal/vfs/impl/DefaultFileSystemAccess$$Lambda$935
instanceKlass org/gradle/internal/vfs/impl/DefaultFileSystemAccess$$Lambda$934
instanceKlass org/gradle/internal/vfs/impl/DefaultFileSystemAccess$$Lambda$933
instanceKlass org/gradle/internal/fingerprint/impl/DefaultFileCollectionSnapshotter$SnapshottingVisitor$$Lambda$932
instanceKlass org/gradle/internal/fingerprint/impl/PatternSetSnapshottingFilter
instanceKlass org/gradle/cache/internal/btree/FileBackedBlockStore$1
instanceKlass org/gradle/api/tasks/util/internal/CachingPatternSpecFactory$CachingSpec$1
instanceKlass org/gradle/api/internal/file/AbstractFileTreeElement
instanceKlass java/nio/file/FileTreeWalker$1
instanceKlass org/gradle/api/internal/file/collections/DefaultDirectoryWalker$PathVisitor
instanceKlass org/gradle/api/file/ReproducibleFileVisitor
instanceKlass org/gradle/execution/plan/LocalTaskNode$1$$Lambda$931
instanceKlass com/android/build/gradle/internal/profile/TaskProfilingRecord$sam$java_util_function_Predicate$0
instanceKlass com/android/ide/common/symbols/SymbolListWithPackageNameWriter
instanceKlass com/android/ide/common/xml/ManifestData$Activity
instanceKlass com/android/ide/common/xml/ManifestData$KeepClass
instanceKlass com/android/ide/common/xml/ManifestData$SupportsScreens
instanceKlass com/android/ide/common/xml/ManifestData$UsesFeature
instanceKlass com/android/ide/common/xml/ManifestData
instanceKlass com/android/ide/common/xml/AndroidManifestParser
instanceKlass com/android/zipflinger/ZipInfo
instanceKlass com/android/zipflinger/EndOfCentralDirectory
instanceKlass org/objectweb/asm/commons/Method
instanceKlass com/android/zipflinger/CentralDirectoryRecord
instanceKlass com/android/zipflinger/LocalFileHeader
instanceKlass com/android/zipflinger/Compressor
instanceKlass com/android/zipflinger/Ints
instanceKlass com/android/zipflinger/Crc32
instanceKlass org/objectweb/asm/Handler
instanceKlass org/objectweb/asm/Label
instanceKlass org/objectweb/asm/Type
instanceKlass org/objectweb/asm/Frame
instanceKlass org/objectweb/asm/ByteVector
instanceKlass org/objectweb/asm/Symbol
instanceKlass org/objectweb/asm/SymbolTable
instanceKlass org/objectweb/asm/AnnotationVisitor
instanceKlass org/objectweb/asm/FieldVisitor
instanceKlass org/objectweb/asm/MethodVisitor
instanceKlass org/objectweb/asm/ModuleVisitor
instanceKlass org/objectweb/asm/ClassVisitor
instanceKlass com/android/ide/common/symbols/SymbolTable$getSymbolByResourceType$$inlined$compareBy$1
instanceKlass com/google/common/collect/Iterators$ConcatenatedIterator
instanceKlass com/android/zipflinger/ZipReader
instanceKlass com/android/zipflinger/ZipWriter
instanceKlass com/android/zipflinger/Location
instanceKlass com/android/zipflinger/FreeStore$Zone
instanceKlass com/android/zipflinger/FreeStore
instanceKlass com/android/zipflinger/CentralDirectory
instanceKlass com/android/zipflinger/Source
instanceKlass com/android/zipflinger/ZipArchive
instanceKlass com/android/zipflinger/Archive
instanceKlass com/android/builder/packaging/JarFlinger
instanceKlass com/android/builder/packaging/JarCreator
instanceKlass com/android/builder/symbols/BytecodeRClassWriterKt
instanceKlass com/google/common/collect/Tables$AbstractCell
instanceKlass com/google/common/collect/StandardTable$CellIterator
instanceKlass com/google/common/collect/ImmutableTable$Builder
instanceKlass com/android/ide/common/symbols/SymbolIo$1
instanceKlass com/android/ide/common/symbols/Symbol$Companion
instanceKlass com/android/ide/common/symbols/SymbolUtils
instanceKlass com/google/common/collect/AbstractTable
instanceKlass com/google/common/collect/Tables$1
instanceKlass com/google/common/collect/RowSortedTable
instanceKlass com/google/common/collect/Table$Cell
instanceKlass com/google/common/collect/Table
instanceKlass com/google/common/collect/Tables
instanceKlass com/android/ide/common/symbols/SymbolTableKt$sam$com_google_common_base_Supplier$0
instanceKlass com/google/common/collect/Sets$Accumulator$$Lambda$930
instanceKlass com/google/common/collect/Sets$Accumulator$$Lambda$929
instanceKlass com/google/common/collect/Sets$Accumulator$$Lambda$928
instanceKlass com/google/common/collect/Sets$Accumulator$$Lambda$927
instanceKlass com/google/common/collect/Sets$Accumulator
instanceKlass com/android/resources/ResourceType$$Lambda$926
instanceKlass com/android/ide/common/symbols/SymbolTable$Builder
instanceKlass com/android/ide/common/symbols/SymbolTable$Companion
instanceKlass com/android/ide/common/symbols/SymbolTable
instanceKlass com/android/ide/common/symbols/SymbolIo$SymbolLineReader$$Lambda$925
instanceKlass com/android/ide/common/symbols/SymbolIo$SymbolData
instanceKlass com/android/ide/common/symbols/Symbol
instanceKlass com/android/ide/common/symbols/SymbolIo$SymbolLineReader
instanceKlass java/io/BufferedReader$1
instanceKlass com/android/ide/common/symbols/SymbolListVisitor
instanceKlass com/android/ide/common/symbols/SymbolIo
instanceKlass com/android/builder/internal/aapt/v2/Aapt2DaemonImpl$WaitForTaskCompletion$Result
instanceKlass com/android/builder/internal/aapt/AaptUtils$$Lambda$924
instanceKlass java/util/function/Predicate$$Lambda$923
instanceKlass com/android/builder/internal/aapt/AaptUtils$$Lambda$922
instanceKlass com/android/builder/internal/aapt/AaptUtils$$Lambda$921
instanceKlass com/android/builder/internal/aapt/AaptUtils
instanceKlass com/android/builder/packaging/PackagingUtils$$Lambda$920
instanceKlass com/android/builder/packaging/PackagingUtils
instanceKlass com/android/builder/internal/aapt/v2/AaptV2CommandBuilder$makeLinkCommand$$inlined$sortedBy$1
instanceKlass com/android/builder/internal/aapt/v2/AaptV2CommandBuilder
instanceKlass com/android/builder/internal/aapt/v2/Aapt2DaemonUtil
instanceKlass com/android/builder/internal/aapt/v2/Aapt2DaemonImpl$WaitForTaskCompletion
instanceKlass com/android/utils/GrabProcessOutput
instanceKlass java/lang/ProcessImpl$2
instanceKlass java/lang/ProcessBuilder
instanceKlass com/android/builder/internal/aapt/v2/Aapt2DaemonImpl$WaitForReadyOnStdOut
instanceKlass com/android/builder/internal/aapt/v2/Aapt2Daemon$WhenMappings
instanceKlass com/android/build/gradle/internal/res/Aapt2ProcessResourcesRunnableKt
instanceKlass com/android/builder/internal/aapt/AaptPackageConfig
instanceKlass com/android/builder/internal/aapt/v2/Aapt2DaemonManager$LeasedAaptDaemon
instanceKlass com/android/build/gradle/internal/res/namespaced/Aapt2DaemonManagerMaintainer$firstDaemonStarted$2
instanceKlass com/android/build/gradle/internal/res/namespaced/Aapt2DaemonManagerService$sam$java_lang_Runnable$0
instanceKlass com/android/builder/internal/aapt/v2/Aapt2DaemonManager$LeasableAaptDaemon
instanceKlass com/android/builder/internal/aapt/v2/Aapt2DaemonImpl$processOutput$1
instanceKlass com/android/builder/internal/aapt/v2/Aapt2DaemonImpl$NoOutputExpected
instanceKlass com/android/utils/GrabProcessOutput$IProcessOutput
instanceKlass com/android/builder/internal/aapt/v2/Aapt2Daemon
instanceKlass com/android/builder/internal/aapt/v2/Aapt2
instanceKlass com/android/builder/internal/aapt/AaptPackageConfig$Builder
instanceKlass com/android/build/gradle/internal/res/LinkApplicationAndroidResourcesTask$AaptSplitInvoker$Companion
instanceKlass java/lang/FunctionalInterface
instanceKlass com/android/build/gradle/internal/tasks/Workers$DirectWorkerExecutor
instanceKlass org/gradle/internal/isolated/IsolationScheme$ServicesForIsolatedObject
instanceKlass org/gradle/workers/internal/DefaultWorkerServer$$Lambda$919
instanceKlass org/gradle/workers/internal/SimpleActionExecutionSpec
instanceKlass org/gradle/workers/internal/AdapterWorkParameters$Inject
instanceKlass com/android/build/gradle/internal/scope/ApkData$$Lambda$918
instanceKlass com/android/build/gradle/internal/scope/ApkData$$Lambda$917
instanceKlass org/gradle/workers/internal/NoIsolationWorkerFactory$1$1
instanceKlass org/gradle/workers/internal/AbstractWorker$Details
instanceKlass org/gradle/workers/internal/ExecuteWorkItemBuildOperationType$Details
instanceKlass org/gradle/workers/internal/AbstractWorker$1
instanceKlass org/gradle/workers/internal/NoIsolationWorkerFactory$1$$Lambda$916
instanceKlass org/gradle/workers/internal/AbstractWorker$Work
instanceKlass org/gradle/workers/internal/AbstractWorker$Result
instanceKlass org/gradle/workers/internal/ExecuteWorkItemBuildOperationType$Result
instanceKlass org/gradle/workers/internal/AbstractWorker
instanceKlass org/gradle/internal/work/DefaultConditionalExecutionQueue$ExecutionRunner$1
instanceKlass org/gradle/internal/work/DefaultAsyncWorkTracker$3
instanceKlass org/gradle/internal/work/DefaultConditionalExecutionQueue$ExecutionRunner
instanceKlass org/gradle/workers/internal/DefaultWorkerExecutor$LazyChildWorkerLeaseLock
instanceKlass org/gradle/workers/internal/DefaultWorkerExecutor$$Lambda$915
instanceKlass org/gradle/internal/work/AbstractConditionalExecution
instanceKlass com/android/build/gradle/internal/scope/OutputFactory$1
instanceKlass com/google/common/collect/ImmutableSet$SerializedForm
instanceKlass com/google/common/collect/ImmutableList$SerializedForm
instanceKlass org/gradle/workers/internal/AbstractWorkerRequirement
instanceKlass org/gradle/workers/internal/AdapterWorkParameters_Decorated
instanceKlass org/gradle/internal/instantiation/generator/AsmBackedClassGenerator$ClassBuilderImpl$$Lambda$914
instanceKlass org/gradle/workers/internal/AdapterWorkAction
instanceKlass org/gradle/workers/internal/ProvidesWorkResult
instanceKlass org/gradle/workers/internal/DefaultWorkerExecutor$DefaultWorkQueue
instanceKlass org/gradle/workers/ProcessWorkerSpec
instanceKlass org/gradle/workers/ClassLoaderWorkerSpec
instanceKlass org/gradle/workers/internal/DefaultWorkerSpec
instanceKlass org/gradle/workers/internal/DefaultWorkerExecutor$$Lambda$913
instanceKlass org/gradle/workers/internal/DefaultWorkerExecutor$1
instanceKlass org/gradle/workers/internal/DefaultWorkerExecutor$$Lambda$912
instanceKlass com/android/build/gradle/internal/tasks/Workers$WhenMappings
instanceKlass com/android/build/gradle/internal/tasks/Workers$WorkerExecutorAdapter$submit$1
instanceKlass com/android/build/gradle/internal/tasks/Workers$ActionFacade
instanceKlass com/android/build/gradle/internal/profile/WorkerProfilingRecord
instanceKlass com/android/build/gradle/internal/tasks/Workers$ActionParameters
instanceKlass com/android/ide/common/workers/WorkerExecutorFacade$Configuration
instanceKlass com/android/build/gradle/internal/scope/OutputScope$$Lambda$911
instanceKlass com/android/build/gradle/internal/scope/SplitList$WhenMappings
instanceKlass com/android/build/gradle/internal/res/LinkApplicationAndroidResourcesTask$AaptSplitInvokerParams
instanceKlass com/android/build/gradle/internal/res/LinkApplicationAndroidResourcesTask$AaptSplitInvoker
instanceKlass com/android/build/gradle/internal/res/LinkApplicationAndroidResourcesTask$chooseOutput$nonDensity$1
instanceKlass com/android/build/gradle/internal/res/LinkApplicationAndroidResourcesTask$WhenMappings
instanceKlass com/android/build/gradle/internal/tasks/Workers$WorkerExecutorAdapter
instanceKlass com/android/build/gradle/internal/res/namespaced/RegisteredAaptService
instanceKlass com/android/build/gradle/internal/workeractions/WorkerActionServiceRegistry$RegisteredService
instanceKlass com/android/build/gradle/internal/res/namespaced/Aapt2DaemonManagerMaintainer
instanceKlass com/android/builder/internal/aapt/v2/Aapt2DaemonManager$Listener
